2026-07-07 07:51:50,843 [INFO] HTTP Request: POST https://api.telegram.org/bot8320562502:AAF-LtDg9FuiuHLqHm161nIWYTwmyMxS9vs/sendMessage "HTTP/1.1 200 OK"
2026-07-07 07:51:50,846 [INFO] [scalp] EMA21 Trend + Candle Breakout Scalp Bot [DEMO] | 6 pairs | limit-entry
2026-07-07 07:51:50,846 [INFO] [scalp] Rules: 1-3-Loss Halt | 2-Session Filter | 3-Trade Journal | 4-Daily Report | 5-Resilience
2026-07-07 07:51:50,846 [INFO] [scalp] Running startup checks...
2026-07-07 07:51:58,479 [INFO] [resilience] Exchange API reachable
2026-07-07 07:51:58,479 [INFO] [scalp] API connectivity OK
2026-07-07 07:51:58,479 [INFO] [resilience] Starting exchange sync...
2026-07-07 07:51:58,745 [INFO] [resilience] State backed up: backups/positions_backup_20260707_022158.json
2026-07-07 07:51:58,745 [INFO] [resilience] Sync complete: {'status': 'ok', 'local_positions': 0, 'exchange_positions': 0, 'reconciled': 0, 'closed_on_exchange': 0, 'expired_orders': 0, 'actions_taken': []}
2026-07-07 07:51:58,745 [INFO] [scalp] State reconciled: 0 positions reconciled, 0 closed on exchange
2026-07-07 07:51:58,746 [INFO] [resilience] State backed up: backups/positions_backup_20260707_022158.json
2026-07-07 07:51:58,746 [INFO] [scalp] Startup checks complete ✓
2026-07-07 07:51:58,762 [INFO] [scalp] Position check thread started
2026-07-07 07:51:58,763 [INFO] [scalp] Scheduler thread started
2026-07-07 07:51:58,764 [INFO] [scalp] Daily report scheduled for 22:00 UTC
2026-07-07 07:51:58,764 [INFO] [scalp] Bot started at 2026-07-07 02:21:58 UTC
2026-07-07 07:51:58,765 [INFO] [scalp] Sleeping 60s...
2026-07-07 07:52:58,765 [INFO] [scalp] Sleeping 60s...
2026-07-07 07:53:58,766 [INFO] [scalp] Sleeping 60s...
2026-07-07 07:54:04,876 [INFO] HTTP Request: POST https://api.telegram.org/bot8320562502:AAF-LtDg9FuiuHLqHm161nIWYTwmyMxS9vs/sendMessage "HTTP/1.1 200 OK"
2026-07-07 07:54:04,880 [INFO] [scalp] EMA21 Trend + Candle Breakout Scalp Bot [DEMO] | 6 pairs | limit-entry
2026-07-07 07:54:04,880 [INFO] [scalp] Rules: 1-3-Loss Halt | 2-Session Filter | 3-Trade Journal | 4-Daily Report | 5-Resilience
2026-07-07 07:54:04,880 [INFO] [scalp] Running startup checks...
2026-07-07 07:54:10,823 [INFO] [resilience] Exchange API reachable
2026-07-07 07:54:10,823 [INFO] [scalp] API connectivity OK
2026-07-07 07:54:10,823 [INFO] [resilience] Starting exchange sync...
2026-07-07 07:54:11,033 [INFO] [resilience] State backed up: backups/positions_backup_20260707_022411.json
2026-07-07 07:54:11,033 [INFO] [resilience] Sync complete: {'status': 'ok', 'local_positions': 0, 'exchange_positions': 0, 'reconciled': 0, 'closed_on_exchange': 0, 'expired_orders': 0, 'actions_taken': []}
2026-07-07 07:54:11,033 [INFO] [scalp] State reconciled: 0 positions reconciled, 0 closed on exchange
2026-07-07 07:54:11,033 [INFO] [resilience] State backed up: backups/positions_backup_20260707_022411.json
2026-07-07 07:54:11,033 [INFO] [scalp] Startup checks complete ✓
2026-07-07 07:54:11,049 [INFO] [scalp] Position check thread started
2026-07-07 07:54:11,049 [INFO] [scalp] Scheduler thread started
2026-07-07 07:54:11,050 [INFO] [scalp] Daily report scheduled for 22:00 UTC
2026-07-07 07:54:11,050 [INFO] [scalp] Bot started at 2026-07-07 02:24:11 UTC
2026-07-07 07:54:11,050 [INFO] [scalp] Sleeping 60s...
2026-07-07 07:54:58,767 [INFO] [scalp] Sleeping 60s...
2026-07-07 07:55:11,051 [INFO] [scalp] Sleeping 60s...
2026-07-07 07:55:58,767 [INFO] [scalp] Sleeping 60s...
2026-07-07 07:56:11,051 [INFO] [scalp] Sleeping 60s...
2026-07-07 07:56:58,770 [INFO] [scalp] Sleeping 60s...
2026-07-07 07:57:11,052 [INFO] [scalp] Sleeping 60s...
2026-07-07 07:57:58,771 [INFO] [scalp] Sleeping 60s...
2026-07-07 07:58:11,052 [INFO] [scalp] Sleeping 60s...
2026-07-07 07:58:58,772 [INFO] [scalp] Sleeping 60s...
2026-07-07 07:59:11,053 [INFO] [scalp] Sleeping 60s...
2026-07-07 07:59:58,772 [INFO] [scalp] Sleeping 60s...
2026-07-07 08:00:11,053 [INFO] [scalp] Sleeping 60s...
2026-07-07 08:00:58,773 [INFO] [scalp] Sleeping 60s...
2026-07-07 08:01:11,054 [INFO] [scalp] Sleeping 60s...
2026-07-07 08:01:58,773 [INFO] [scalp] Sleeping 60s...
2026-07-07 08:02:11,054 [INFO] [scalp] Sleeping 60s...
2026-07-07 08:02:58,774 [INFO] [scalp] Sleeping 60s...
2026-07-07 08:03:11,055 [INFO] [scalp] Sleeping 60s...
2026-07-07 08:03:58,776 [INFO] [scalp] Sleeping 60s...
2026-07-07 08:04:11,055 [INFO] [scalp] Sleeping 60s...
2026-07-07 08:04:58,777 [INFO] [scalp] Sleeping 60s...
2026-07-07 08:05:11,056 [INFO] [scalp] Sleeping 60s...
2026-07-07 08:05:58,802 [INFO] [scalp] Sleeping 60s...
2026-07-07 08:06:11,056 [INFO] [scalp] Sleeping 60s...
2026-07-07 08:06:58,802 [INFO] [scalp] Sleeping 60s...
2026-07-07 08:07:11,084 [INFO] [scalp] Sleeping 60s...
2026-07-07 08:07:58,803 [INFO] [scalp] Sleeping 60s...
2026-07-07 08:08:11,085 [INFO] [scalp] Sleeping 60s...
2026-07-07 08:08:58,804 [INFO] [scalp] Sleeping 60s...
2026-07-07 08:09:11,085 [INFO] [scalp] Sleeping 60s...
2026-07-07 08:09:58,804 [INFO] [scalp] Sleeping 60s...
2026-07-07 08:10:11,087 [INFO] [scalp] Sleeping 60s...
2026-07-07 08:10:58,805 [INFO] [scalp] Sleeping 60s...
2026-07-07 08:11:11,088 [INFO] [scalp] Sleeping 60s...
2026-07-07 08:11:58,805 [INFO] [scalp] Sleeping 60s...
2026-07-07 08:12:11,088 [INFO] [scalp] Sleeping 60s...
2026-07-07 08:12:58,806 [INFO] [scalp] Sleeping 60s...
2026-07-07 08:13:11,089 [INFO] [scalp] Sleeping 60s...
2026-07-07 08:13:58,806 [INFO] [scalp] Sleeping 60s...
2026-07-07 08:14:11,100 [INFO] [scalp] Sleeping 60s...
2026-07-07 08:14:58,809 [INFO] [scalp] Sleeping 60s...
2026-07-07 08:15:11,101 [INFO] [scalp] Sleeping 60s...
2026-07-07 08:15:58,810 [INFO] [scalp] Sleeping 60s...
2026-07-07 08:16:11,102 [INFO] [scalp] Sleeping 60s...
2026-07-07 08:16:18,208 [INFO] HTTP Request: POST https://api.telegram.org/bot8320562502:AAF-LtDg9FuiuHLqHm161nIWYTwmyMxS9vs/sendMessage "HTTP/1.1 200 OK"
2026-07-07 08:16:18,211 [INFO] [scalp] EMA21 Trend + Candle Breakout Scalp Bot [DEMO] | 6 pairs | limit-entry
2026-07-07 08:16:18,211 [INFO] [scalp] Rules: 1-3-Loss Halt | 2-Session Filter | 3-Trade Journal | 4-Daily Report | 5-Resilience
2026-07-07 08:16:18,211 [INFO] [scalp] Running startup checks...
2026-07-07 08:16:24,918 [INFO] [resilience] Exchange API reachable
2026-07-07 08:16:24,918 [INFO] [scalp] API connectivity OK
2026-07-07 08:16:24,918 [INFO] [resilience] Starting exchange sync...
2026-07-07 08:16:25,185 [INFO] [resilience] State backed up: backups/positions_backup_20260707_024625.json
2026-07-07 08:16:25,185 [INFO] [resilience] Sync complete: {'status': 'ok', 'local_positions': 0, 'exchange_positions': 0, 'reconciled': 0, 'closed_on_exchange': 0, 'expired_orders': 0, 'actions_taken': []}
2026-07-07 08:16:25,185 [INFO] [scalp] State reconciled: 0 positions reconciled, 0 closed on exchange
2026-07-07 08:16:25,185 [INFO] [resilience] State backed up: backups/positions_backup_20260707_024625.json
2026-07-07 08:16:25,185 [INFO] [scalp] Startup checks complete ✓
2026-07-07 08:16:25,203 [INFO] [scalp] Position check thread started
2026-07-07 08:16:25,203 [INFO] [scalp] Scheduler thread started
2026-07-07 08:16:25,204 [INFO] [scalp] Daily report scheduled for 22:00 UTC
2026-07-07 08:16:25,204 [INFO] [scalp] Bot started at 2026-07-07 02:46:25 UTC
2026-07-07 08:16:25,204 [INFO] [scalp] Sleeping 60s...
2026-07-07 08:16:33,408 [INFO] HTTP Request: POST https://api.telegram.org/bot8320562502:AAF-LtDg9FuiuHLqHm161nIWYTwmyMxS9vs/sendMessage "HTTP/1.1 200 OK"
2026-07-07 08:16:33,411 [INFO] [scalp] EMA21 Trend + Candle Breakout Scalp Bot [DEMO] | 6 pairs | limit-entry
2026-07-07 08:16:33,411 [INFO] [scalp] Rules: 1-3-Loss Halt | 2-Session Filter | 3-Trade Journal | 4-Daily Report | 5-Resilience
2026-07-07 08:16:33,411 [INFO] [scalp] Running startup checks...
2026-07-07 08:16:39,056 [INFO] [resilience] Exchange API reachable
2026-07-07 08:16:39,056 [INFO] [scalp] API connectivity OK
2026-07-07 08:16:39,056 [INFO] [resilience] Starting exchange sync...
2026-07-07 08:16:39,250 [INFO] [resilience] State backed up: backups/positions_backup_20260707_024639.json
2026-07-07 08:16:39,250 [INFO] [resilience] Sync complete: {'status': 'ok', 'local_positions': 0, 'exchange_positions': 0, 'reconciled': 0, 'closed_on_exchange': 0, 'expired_orders': 0, 'actions_taken': []}
2026-07-07 08:16:39,250 [INFO] [scalp] State reconciled: 0 positions reconciled, 0 closed on exchange
2026-07-07 08:16:39,251 [INFO] [resilience] State backed up: backups/positions_backup_20260707_024639.json
2026-07-07 08:16:39,251 [INFO] [scalp] Startup checks complete ✓
2026-07-07 08:16:39,268 [INFO] [scalp] Position check thread started
2026-07-07 08:16:39,269 [INFO] [scalp] Scheduler thread started
2026-07-07 08:16:39,269 [INFO] [scalp] Daily report scheduled for 22:00 UTC
2026-07-07 08:16:39,269 [INFO] [scalp] Bot started at 2026-07-07 02:46:39 UTC
2026-07-07 08:16:39,269 [INFO] [scalp] Sleeping 60s...
2026-07-07 08:16:52,436 [INFO] HTTP Request: POST https://api.telegram.org/bot8320562502:AAF-LtDg9FuiuHLqHm161nIWYTwmyMxS9vs/sendMessage "HTTP/1.1 200 OK"
2026-07-07 08:16:52,440 [INFO] [scalp] EMA21 Trend + Candle Breakout Scalp Bot [DEMO] | 6 pairs | limit-entry
2026-07-07 08:16:52,440 [INFO] [scalp] Rules: 1-3-Loss Halt | 2-Session Filter | 3-Trade Journal | 4-Daily Report | 5-Resilience
2026-07-07 08:16:52,440 [INFO] [scalp] Running startup checks...
2026-07-07 08:16:58,810 [INFO] [scalp] Sleeping 60s...
2026-07-07 08:16:59,078 [INFO] [resilience] Exchange API reachable
2026-07-07 08:16:59,078 [INFO] [scalp] API connectivity OK
2026-07-07 08:16:59,078 [INFO] [resilience] Starting exchange sync...
2026-07-07 08:16:59,371 [INFO] [resilience] State backed up: backups/positions_backup_20260707_024659.json
2026-07-07 08:16:59,371 [INFO] [resilience] Sync complete: {'status': 'ok', 'local_positions': 0, 'exchange_positions': 0, 'reconciled': 0, 'closed_on_exchange': 0, 'expired_orders': 0, 'actions_taken': []}
2026-07-07 08:16:59,371 [INFO] [scalp] State reconciled: 0 positions reconciled, 0 closed on exchange
2026-07-07 08:16:59,371 [INFO] [resilience] State backed up: backups/positions_backup_20260707_024659.json
2026-07-07 08:16:59,371 [INFO] [scalp] Startup checks complete ✓
2026-07-07 08:16:59,387 [INFO] [scalp] Position check thread started
2026-07-07 08:16:59,388 [INFO] [scalp] Scheduler thread started
2026-07-07 08:16:59,388 [INFO] [scalp] Daily report scheduled for 22:00 UTC
2026-07-07 08:16:59,388 [INFO] [scalp] Bot started at 2026-07-07 02:46:59 UTC
2026-07-07 08:16:59,388 [INFO] [scalp] Sleeping 60s...
2026-07-07 08:17:11,102 [INFO] [scalp] Sleeping 60s...
2026-07-07 08:17:19,568 [INFO] HTTP Request: POST https://api.telegram.org/bot8320562502:AAF-LtDg9FuiuHLqHm161nIWYTwmyMxS9vs/sendMessage "HTTP/1.1 200 OK"
2026-07-07 08:17:19,571 [INFO] [scalp] EMA21 Trend + Candle Breakout Scalp Bot [DEMO] | 6 pairs | limit-entry
2026-07-07 08:17:19,571 [INFO] [scalp] Rules: 1-3-Loss Halt | 2-Session Filter | 3-Trade Journal | 4-Daily Report | 5-Resilience
2026-07-07 08:17:19,571 [INFO] [scalp] Running startup checks...
2026-07-07 08:17:25,204 [INFO] [scalp] Sleeping 60s...
2026-07-07 08:17:25,655 [INFO] [resilience] Exchange API reachable
2026-07-07 08:17:25,656 [INFO] [scalp] API connectivity OK
2026-07-07 08:17:25,656 [INFO] [resilience] Starting exchange sync...
2026-07-07 08:17:25,910 [INFO] [resilience] State backed up: backups/positions_backup_20260707_024725.json
2026-07-07 08:17:25,911 [INFO] [resilience] Sync complete: {'status': 'ok', 'local_positions': 0, 'exchange_positions': 0, 'reconciled': 0, 'closed_on_exchange': 0, 'expired_orders': 0, 'actions_taken': []}
2026-07-07 08:17:25,911 [INFO] [scalp] State reconciled: 0 positions reconciled, 0 closed on exchange
2026-07-07 08:17:25,911 [INFO] [resilience] State backed up: backups/positions_backup_20260707_024725.json
2026-07-07 08:17:25,911 [INFO] [scalp] Startup checks complete ✓
2026-07-07 08:17:25,928 [INFO] [scalp] Position check thread started
2026-07-07 08:17:25,929 [INFO] [scalp] Scheduler thread started
2026-07-07 08:17:25,929 [INFO] [scalp] Daily report scheduled for 22:00 UTC
2026-07-07 08:17:25,929 [INFO] [scalp] Bot started at 2026-07-07 02:47:25 UTC
2026-07-07 08:17:25,930 [INFO] [scalp] Sleeping 60s...
2026-07-07 08:17:39,270 [INFO] [scalp] Sleeping 60s...
2026-07-07 08:17:58,811 [INFO] [scalp] Sleeping 60s...
2026-07-07 08:17:59,389 [INFO] [scalp] Sleeping 60s...
2026-07-07 08:18:11,103 [INFO] [scalp] Sleeping 60s...
2026-07-07 08:18:25,204 [INFO] [scalp] Sleeping 60s...
2026-07-07 08:18:25,930 [INFO] [scalp] Sleeping 60s...
2026-07-07 08:18:39,271 [INFO] [scalp] Sleeping 60s...
2026-07-07 08:18:58,811 [INFO] [scalp] Sleeping 60s...
2026-07-07 08:18:59,390 [INFO] [scalp] Sleeping 60s...
2026-07-07 08:19:11,103 [INFO] [scalp] Sleeping 60s...
2026-07-07 08:19:25,205 [INFO] [scalp] Sleeping 60s...
2026-07-07 08:19:25,930 [INFO] [scalp] Sleeping 60s...
2026-07-07 08:19:39,271 [INFO] [scalp] Sleeping 60s...
2026-07-07 08:19:58,811 [INFO] [scalp] Sleeping 60s...
2026-07-07 08:19:59,390 [INFO] [scalp] Sleeping 60s...
2026-07-07 08:20:11,104 [INFO] [scalp] Sleeping 60s...
2026-07-07 08:20:25,205 [INFO] [scalp] Sleeping 60s...
2026-07-07 08:20:25,931 [INFO] [scalp] Sleeping 60s...
2026-07-07 08:20:39,272 [INFO] [scalp] Sleeping 60s...
2026-07-07 08:20:58,812 [INFO] [scalp] Sleeping 60s...
2026-07-07 08:20:59,391 [INFO] [scalp] Sleeping 60s...
2026-07-07 08:21:11,104 [INFO] [scalp] Sleeping 60s...
2026-07-07 08:21:25,206 [INFO] [scalp] Sleeping 60s...
2026-07-07 08:21:25,931 [INFO] [scalp] Sleeping 60s...
2026-07-07 08:21:39,272 [INFO] [scalp] Sleeping 60s...
2026-07-07 08:21:58,812 [INFO] [scalp] Sleeping 60s...
2026-07-07 08:21:59,391 [INFO] [scalp] Sleeping 60s...
2026-07-07 08:22:11,104 [INFO] [scalp] Sleeping 60s...
2026-07-07 08:22:25,206 [INFO] [scalp] Sleeping 60s...
2026-07-07 08:22:25,932 [INFO] [scalp] Sleeping 60s...
2026-07-07 08:22:39,273 [INFO] [scalp] Sleeping 60s...
2026-07-07 08:22:58,814 [INFO] [scalp] Sleeping 60s...
2026-07-07 08:22:59,392 [INFO] [scalp] Sleeping 60s...
2026-07-07 08:23:11,105 [INFO] [scalp] Sleeping 60s...
2026-07-07 08:23:25,207 [INFO] [scalp] Sleeping 60s...
2026-07-07 08:23:25,932 [INFO] [scalp] Sleeping 60s...
2026-07-07 08:23:39,273 [INFO] [scalp] Sleeping 60s...
2026-07-07 08:23:58,815 [INFO] [scalp] Sleeping 60s...
2026-07-07 08:23:59,392 [INFO] [scalp] Sleeping 60s...
2026-07-07 08:24:11,105 [INFO] [scalp] Sleeping 60s...
2026-07-07 08:24:25,207 [INFO] [scalp] Sleeping 60s...
2026-07-07 08:24:25,932 [INFO] [scalp] Sleeping 60s...
2026-07-07 08:24:39,274 [INFO] [scalp] Sleeping 60s...
2026-07-07 08:24:58,815 [INFO] [scalp] Sleeping 60s...
2026-07-07 08:24:59,393 [INFO] [scalp] Sleeping 60s...
2026-07-07 08:25:11,106 [INFO] [scalp] Sleeping 60s...
2026-07-07 08:25:25,208 [INFO] [scalp] Sleeping 60s...
2026-07-07 08:25:25,933 [INFO] [scalp] Sleeping 60s...
2026-07-07 08:25:39,274 [INFO] [scalp] Sleeping 60s...
2026-07-07 08:25:58,816 [INFO] [scalp] Sleeping 60s...
2026-07-07 08:25:59,393 [INFO] [scalp] Sleeping 60s...
2026-07-07 08:26:11,106 [INFO] [scalp] Sleeping 60s...
2026-07-07 08:26:25,208 [INFO] [scalp] Sleeping 60s...
2026-07-07 08:26:25,934 [INFO] [scalp] Sleeping 60s...
2026-07-07 08:26:39,275 [INFO] [scalp] Sleeping 60s...
2026-07-07 08:26:58,817 [INFO] [scalp] Sleeping 60s...
2026-07-07 08:26:59,394 [INFO] [scalp] Sleeping 60s...
2026-07-07 08:27:11,107 [INFO] [scalp] Sleeping 60s...
2026-07-07 08:27:25,209 [INFO] [scalp] Sleeping 60s...
2026-07-07 08:27:25,934 [INFO] [scalp] Sleeping 60s...
2026-07-07 08:27:39,275 [INFO] [scalp] Sleeping 60s...
2026-07-07 08:27:58,817 [INFO] [scalp] Sleeping 60s...
2026-07-07 08:27:59,394 [INFO] [scalp] Sleeping 60s...
2026-07-07 08:28:11,107 [INFO] [scalp] Sleeping 60s...
2026-07-07 08:28:25,209 [INFO] [scalp] Sleeping 60s...
2026-07-07 08:28:25,934 [INFO] [scalp] Sleeping 60s...
2026-07-07 08:28:39,276 [INFO] [scalp] Sleeping 60s...
2026-07-07 08:28:58,818 [INFO] [scalp] Sleeping 60s...
2026-07-07 08:28:59,395 [INFO] [scalp] Sleeping 60s...
2026-07-07 08:29:11,107 [INFO] [scalp] Sleeping 60s...
2026-07-07 08:29:25,210 [INFO] [scalp] Sleeping 60s...
2026-07-07 08:29:25,935 [INFO] [scalp] Sleeping 60s...
2026-07-07 08:29:39,277 [INFO] [scalp] Sleeping 60s...
2026-07-07 08:29:58,819 [INFO] [scalp] Sleeping 60s...
2026-07-07 08:29:59,395 [INFO] [scalp] Sleeping 60s...
2026-07-07 08:30:11,108 [INFO] [scalp] Sleeping 60s...
2026-07-07 08:30:25,210 [INFO] [scalp] Sleeping 60s...
2026-07-07 08:30:25,935 [INFO] [scalp] Sleeping 60s...
2026-07-07 08:30:39,277 [INFO] [scalp] Sleeping 60s...
2026-07-07 08:30:58,819 [INFO] [scalp] Sleeping 60s...
2026-07-07 08:30:59,395 [INFO] [scalp] Sleeping 60s...
2026-07-07 08:31:11,108 [INFO] [scalp] Sleeping 60s...
2026-07-07 08:31:25,211 [INFO] [scalp] Sleeping 60s...
2026-07-07 08:31:25,936 [INFO] [scalp] Sleeping 60s...
2026-07-07 08:31:39,277 [INFO] [scalp] Sleeping 60s...
2026-07-07 08:31:58,819 [INFO] [scalp] Sleeping 60s...
2026-07-07 08:31:59,396 [INFO] [scalp] Sleeping 60s...
2026-07-07 08:32:11,109 [INFO] [scalp] Sleeping 60s...
2026-07-07 08:32:25,211 [INFO] [scalp] Sleeping 60s...
2026-07-07 08:32:25,936 [INFO] [scalp] Sleeping 60s...
2026-07-07 08:32:39,278 [INFO] [scalp] Sleeping 60s...
2026-07-07 08:32:58,820 [INFO] [scalp] Sleeping 60s...
2026-07-07 08:32:59,396 [INFO] [scalp] Sleeping 60s...
2026-07-07 08:33:11,110 [INFO] [scalp] Sleeping 60s...
2026-07-07 08:33:25,212 [INFO] [scalp] Sleeping 60s...
2026-07-07 08:33:25,936 [INFO] [scalp] Sleeping 60s...
2026-07-07 08:33:39,279 [INFO] [scalp] Sleeping 60s...
2026-07-07 08:33:58,821 [INFO] [scalp] Sleeping 60s...
2026-07-07 08:33:59,397 [INFO] [scalp] Sleeping 60s...
2026-07-07 08:34:11,110 [INFO] [scalp] Sleeping 60s...
2026-07-07 08:34:25,213 [INFO] [scalp] Sleeping 60s...
2026-07-07 08:34:25,937 [INFO] [scalp] Sleeping 60s...
2026-07-07 08:34:39,279 [INFO] [scalp] Sleeping 60s...
2026-07-07 08:34:58,822 [INFO] [scalp] Sleeping 60s...
2026-07-07 08:34:59,397 [INFO] [scalp] Sleeping 60s...
2026-07-07 08:35:11,111 [INFO] [scalp] Sleeping 60s...
2026-07-07 08:35:25,213 [INFO] [scalp] Sleeping 60s...
2026-07-07 08:35:25,937 [INFO] [scalp] Sleeping 60s...
2026-07-07 08:35:39,280 [INFO] [scalp] Sleeping 60s...
2026-07-07 08:35:58,822 [INFO] [scalp] Sleeping 60s...
2026-07-07 08:35:59,398 [INFO] [scalp] Sleeping 60s...
2026-07-07 08:36:11,111 [INFO] [scalp] Sleeping 60s...
2026-07-07 08:36:25,214 [INFO] [scalp] Sleeping 60s...
2026-07-07 08:36:25,938 [INFO] [scalp] Sleeping 60s...
2026-07-07 08:36:39,280 [INFO] [scalp] Sleeping 60s...
2026-07-07 08:36:58,823 [INFO] [scalp] Sleeping 60s...
2026-07-07 08:36:59,398 [INFO] [scalp] Sleeping 60s...
2026-07-07 08:37:11,112 [INFO] [scalp] Sleeping 60s...
2026-07-07 08:37:25,214 [INFO] [scalp] Sleeping 60s...
2026-07-07 08:37:25,938 [INFO] [scalp] Sleeping 60s...
2026-07-07 08:37:39,281 [INFO] [scalp] Sleeping 60s...
2026-07-07 08:37:58,823 [INFO] [scalp] Sleeping 60s...
2026-07-07 08:37:59,399 [INFO] [scalp] Sleeping 60s...
2026-07-07 08:38:11,112 [INFO] [scalp] Sleeping 60s...
2026-07-07 08:38:25,215 [INFO] [scalp] Sleeping 60s...
2026-07-07 08:38:25,939 [INFO] [scalp] Sleeping 60s...
2026-07-07 08:38:39,282 [INFO] [scalp] Sleeping 60s...
2026-07-07 08:38:58,826 [INFO] [scalp] Sleeping 60s...
2026-07-07 08:38:59,399 [INFO] [scalp] Sleeping 60s...
2026-07-07 08:39:11,113 [INFO] [scalp] Sleeping 60s...
2026-07-07 08:39:25,215 [INFO] [scalp] Sleeping 60s...
2026-07-07 08:39:25,939 [INFO] [scalp] Sleeping 60s...
2026-07-07 08:39:39,282 [INFO] [scalp] Sleeping 60s...
2026-07-07 08:39:58,827 [INFO] [scalp] Sleeping 60s...
2026-07-07 08:39:59,400 [INFO] [scalp] Sleeping 60s...
2026-07-07 08:40:11,114 [INFO] [scalp] Sleeping 60s...
2026-07-07 08:40:25,216 [INFO] [scalp] Sleeping 60s...
2026-07-07 08:40:25,940 [INFO] [scalp] Sleeping 60s...
2026-07-07 08:40:39,283 [INFO] [scalp] Sleeping 60s...
2026-07-07 08:40:58,827 [INFO] [scalp] Sleeping 60s...
2026-07-07 08:40:59,400 [INFO] [scalp] Sleeping 60s...
2026-07-07 08:41:11,115 [INFO] [scalp] Sleeping 60s...
2026-07-07 08:41:25,216 [INFO] [scalp] Sleeping 60s...
2026-07-07 08:41:25,940 [INFO] [scalp] Sleeping 60s...
2026-07-07 08:41:39,283 [INFO] [scalp] Sleeping 60s...
2026-07-07 08:41:58,828 [INFO] [scalp] Sleeping 60s...
2026-07-07 08:41:59,401 [INFO] [scalp] Sleeping 60s...
2026-07-07 08:42:11,115 [INFO] [scalp] Sleeping 60s...
2026-07-07 08:42:25,217 [INFO] [scalp] Sleeping 60s...
2026-07-07 08:42:25,941 [INFO] [scalp] Sleeping 60s...
2026-07-07 08:42:39,284 [INFO] [scalp] Sleeping 60s...
2026-07-07 08:42:58,828 [INFO] [scalp] Sleeping 60s...
2026-07-07 08:42:59,401 [INFO] [scalp] Sleeping 60s...
2026-07-07 08:43:11,115 [INFO] [scalp] Sleeping 60s...
2026-07-07 08:43:25,217 [INFO] [scalp] Sleeping 60s...
2026-07-07 08:43:25,941 [INFO] [scalp] Sleeping 60s...
2026-07-07 08:43:39,284 [INFO] [scalp] Sleeping 60s...
2026-07-07 08:43:58,829 [INFO] [scalp] Sleeping 60s...
2026-07-07 08:43:59,402 [INFO] [scalp] Sleeping 60s...
2026-07-07 08:44:11,137 [INFO] [scalp] Sleeping 60s...
2026-07-07 08:44:25,218 [INFO] [scalp] Sleeping 60s...
2026-07-07 08:44:25,942 [INFO] [scalp] Sleeping 60s...
2026-07-07 08:44:39,285 [INFO] [scalp] Sleeping 60s...
2026-07-07 08:44:58,830 [INFO] [scalp] Sleeping 60s...
2026-07-07 08:44:59,402 [INFO] [scalp] Sleeping 60s...
2026-07-07 08:45:11,142 [INFO] [scalp] Sleeping 60s...
2026-07-07 08:45:25,218 [INFO] [scalp] Sleeping 60s...
2026-07-07 08:45:25,942 [INFO] [scalp] Sleeping 60s...
2026-07-07 08:45:39,286 [INFO] [scalp] Sleeping 60s...
2026-07-07 08:45:58,831 [INFO] [scalp] Sleeping 60s...
2026-07-07 08:45:59,403 [INFO] [scalp] Sleeping 60s...
2026-07-07 08:46:11,143 [INFO] [scalp] Sleeping 60s...
2026-07-07 08:46:25,219 [INFO] [scalp] Sleeping 60s...
2026-07-07 08:46:25,943 [INFO] [scalp] Sleeping 60s...
2026-07-07 08:46:39,286 [INFO] [scalp] Sleeping 60s...
2026-07-07 08:46:58,832 [INFO] [scalp] Sleeping 60s...
2026-07-07 08:46:59,404 [INFO] [scalp] Sleeping 60s...
2026-07-07 08:47:11,144 [INFO] [scalp] Sleeping 60s...
2026-07-07 08:47:25,219 [INFO] [scalp] Sleeping 60s...
2026-07-07 08:47:25,943 [INFO] [scalp] Sleeping 60s...
2026-07-07 08:47:39,287 [INFO] [scalp] Sleeping 60s...
2026-07-07 08:47:58,832 [INFO] [scalp] Sleeping 60s...
2026-07-07 08:47:59,404 [INFO] [scalp] Sleeping 60s...
2026-07-07 08:48:11,145 [INFO] [scalp] Sleeping 60s...
2026-07-07 08:48:25,220 [INFO] [scalp] Sleeping 60s...
2026-07-07 08:48:25,944 [INFO] [scalp] Sleeping 60s...
2026-07-07 08:48:39,287 [INFO] [scalp] Sleeping 60s...
2026-07-07 08:48:58,833 [INFO] [scalp] Sleeping 60s...
2026-07-07 08:48:59,406 [INFO] [scalp] Sleeping 60s...
2026-07-07 08:49:11,145 [INFO] [scalp] Sleeping 60s...
2026-07-07 08:49:25,220 [INFO] [scalp] Sleeping 60s...
2026-07-07 08:49:25,944 [INFO] [scalp] Sleeping 60s...
2026-07-07 08:49:39,288 [INFO] [scalp] Sleeping 60s...
2026-07-07 08:49:58,834 [INFO] [scalp] Sleeping 60s...
2026-07-07 08:49:59,407 [INFO] [scalp] Sleeping 60s...
2026-07-07 08:50:11,146 [INFO] [scalp] Sleeping 60s...
2026-07-07 08:50:25,222 [INFO] [scalp] Sleeping 60s...
2026-07-07 08:50:25,945 [INFO] [scalp] Sleeping 60s...
